<?xml version="1.0" encoding="UTF-8"?>
<!-- Generated by org.testng.reporters.JUnitXMLReporter -->
<testsuite ignored="8" hostname="DESKTOP-FF9S3V8" failures="1" tests="1" name="Test" time="26.61" errors="0" timestamp="2024-10-05T10:43:47 EDT">
  <testcase classname="QALegendTestcases.TestCases" name="VerifyTheSellingPriceAdded" time="8.666">
    <failure type="org.openqa.selenium.ElementNotInteractableException" message="element not interactable
  (Session info: chrome=129.0.6668.70)
Build info: version: &amp;apos;4.24.0&amp;apos;, revision: &amp;apos;748ffc9bc3&amp;apos;
System info: os.name: &amp;apos;Windows 11&amp;apos;, os.arch: &amp;apos;amd64&amp;apos;, os.version: &amp;apos;10.0&amp;apos;, java.version: &amp;apos;17.0.11&amp;apos;
Driver info: org.openqa.selenium.chrome.ChromeDriver
Command: [07522ad9cef056267a9d89c801acb8aa, sendKeysToElement {value=[Ljava.lang.CharSequence;@74a9c4b0, id=f.D912A3936858D7AD7759914F5B227701.d.4EC7606A23E508827A1D35A097B08C06.e.114}]
Capabilities {acceptInsecureCerts: false, browserName: chrome, browserVersion: 129.0.6668.70, chrome: {chromedriverVersion: 129.0.6668.89 (951c0b97221f..., userDataDir: C:\Users\midhu\AppData\Loca...}, fedcm:accounts: true, goog:chromeOptions: {debuggerAddress: localhost:55908}, networkConnectionEnabled: false, pageLoadStrategy: normal, platformName: windows, proxy: Proxy(), se:cdp: ws://localhost:55908/devtoo..., se:cdpVersion: 129.0.6668.70, setWindowRect: true, strictFileInteractability: false, timeouts: {implicit: 0, pageLoad: 300000, script: 30000}, unhandledPromptBehavior: dismiss and notify, webauthn:extension:credBlob: true, webauthn:extension:largeBlob: true, webauthn:extension:minPinLength: true, webauthn:extension:prf: true, webauthn:virtualAuthenticators: true}
Element: [[ChromeDriver: chrome on windows (07522ad9cef056267a9d89c801acb8aa)] -&amp;gt; xpath: //input[@type=&amp;apos;search&amp;apos;]]
Session ID: 07522ad9cef056267a9d89c801acb8aa">
      <![CDATA[org.openqa.selenium.ElementNotInteractableException: element not interactable
  (Session info: chrome=129.0.6668.70)
Build info: version: '4.24.0', revision: '748ffc9bc3'
System info: os.name: 'Windows 11', os.arch: 'amd64', os.version: '10.0', java.version: '17.0.11'
Driver info: org.openqa.selenium.chrome.ChromeDriver
Command: [07522ad9cef056267a9d89c801acb8aa, sendKeysToElement {value=[Ljava.lang.CharSequence;@74a9c4b0, id=f.D912A3936858D7AD7759914F5B227701.d.4EC7606A23E508827A1D35A097B08C06.e.114}]
Capabilities {acceptInsecureCerts: false, browserName: chrome, browserVersion: 129.0.6668.70, chrome: {chromedriverVersion: 129.0.6668.89 (951c0b97221f..., userDataDir: C:\Users\midhu\AppData\Loca...}, fedcm:accounts: true, goog:chromeOptions: {debuggerAddress: localhost:55908}, networkConnectionEnabled: false, pageLoadStrategy: normal, platformName: windows, proxy: Proxy(), se:cdp: ws://localhost:55908/devtoo..., se:cdpVersion: 129.0.6668.70, setWindowRect: true, strictFileInteractability: false, timeouts: {implicit: 0, pageLoad: 300000, script: 30000}, unhandledPromptBehavior: dismiss and notify, webauthn:extension:credBlob: true, webauthn:extension:largeBlob: true, webauthn:extension:minPinLength: true, webauthn:extension:prf: true, webauthn:virtualAuthenticators: true}
Element: [[ChromeDriver: chrome on windows (07522ad9cef056267a9d89c801acb8aa)] -> xpath: //input[@type='search']]
Session ID: 07522ad9cef056267a9d89c801acb8aa
at org.openqa.selenium.remote.ErrorCodec.decode(ErrorCodec.java:167)
at org.openqa.selenium.remote.codec.w3c.W3CHttpResponseCodec.decode(W3CHttpResponseCodec.java:138)
at org.openqa.selenium.remote.codec.w3c.W3CHttpResponseCodec.decode(W3CHttpResponseCodec.java:50)
at org.openqa.selenium.remote.HttpCommandExecutor.execute(HttpCommandExecutor.java:190)
at org.openqa.selenium.remote.service.DriverCommandExecutor.invokeExecute(DriverCommandExecutor.java:216)
at org.openqa.selenium.remote.service.DriverCommandExecutor.execute(DriverCommandExecutor.java:174)
at org.openqa.selenium.remote.RemoteWebDriver.execute(RemoteWebDriver.java:545)
at org.openqa.selenium.remote.RemoteWebElement.execute(RemoteWebElement.java:223)
at org.openqa.selenium.remote.RemoteWebElement.sendKeys(RemoteWebElement.java:110)
at org.openqa.selenium.support.pagefactory.internal.LocatingElementHandler.invoke(LocatingElementHandler.java:51)
at jdk.proxy2/jdk.proxy2.$Proxy12.sendKeys(Unknown Source)
at Utilities.PageUtility.enterText(PageUtility.java:16)
at PageClasses.sellingpricepage.searchBoxClick(sellingpricepage.java:56)
at QALegendTestcases.TestCases.VerifyTheSellingPriceAdded(TestCases.java:213)
at java.base/java.util.ArrayList.forEach(ArrayList.java:1511)
... Removed 36 stack frames]]>
    </failure>
  </testcase> <!-- VerifyTheSellingPriceAdded -->
  <testcase classname="QALegendTestcases.TestCases" name="DeletingtheAddedUser" time="0.0">
    <ignored/>
  </testcase> <!-- DeletingtheAddedUser -->
  <testcase classname="QALegendTestcases.TestCases" name="CreatingNewUser" time="0.0">
    <ignored/>
  </testcase> <!-- CreatingNewUser -->
  <testcase classname="QALegendTestcases.TestCases" name="SalesCommissionAdded" time="0.0">
    <ignored/>
  </testcase> <!-- SalesCommissionAdded -->
  <testcase classname="QALegendTestcases.TestCases" name="verifyThatSupplierAdded" time="0.0">
    <ignored/>
  </testcase> <!-- verifyThatSupplierAdded -->
  <testcase classname="QALegendTestcases.TestCases" name="RolesAddition" time="0.0">
    <ignored/>
  </testcase> <!-- RolesAddition -->
  <testcase classname="QALegendTestcases.TestCases" name="VerifyProductBrandAddedSuccessfully" time="0.0">
    <ignored/>
  </testcase> <!-- VerifyProductBrandAddedSuccessfully -->
  <testcase classname="QALegendTestcases.TestCases" name="VerifytheVariationAddedsuccessfully" time="0.0">
    <ignored/>
  </testcase> <!-- VerifytheVariationAddedsuccessfully -->
  <testcase classname="QALegendTestcases.TestCases" name="VerifyCustomerGroupAddition" time="0.0">
    <ignored/>
  </testcase> <!-- VerifyCustomerGroupAddition -->
</testsuite> <!-- Test -->
